<?xml version="1.0" encoding="UTF-8"?>
<testng-results skipped="0" failed="0" total="1" passed="1">
  <reporter-output>
  </reporter-output>
  <suite name="Default suite" duration-ms="3044" started-at="2017-07-20T18:19:36Z" finished-at="2017-07-20T18:19:39Z">
    <groups>
    </groups>
    <test name="Default test" duration-ms="3044" started-at="2017-07-20T18:19:36Z" finished-at="2017-07-20T18:19:39Z">
      <class name="com.fanniemae.testcases.LoginTestCase">
        <test-method status="PASS" signature="setUp()[pri:0, instance:com.fanniemae.testcases.LoginTestCase@5c3bd550]" name="setUp" is-config="true" duration-ms="6942" started-at="2017-07-20T14:19:29Z" finished-at="2017-07-20T14:19:36Z">
          <reporter-output>
          </reporter-output>
        </test-method> <!-- setUp -->
        <test-method status="PASS" signature="tc_Login()[pri:0, instance:com.fanniemae.testcases.LoginTestCase@5c3bd550]" name="tc_Login" duration-ms="3036" started-at="2017-07-20T14:19:36Z" finished-at="2017-07-20T14:19:39Z">
          <reporter-output>
          </reporter-output>
        </test-method> <!-- tc_Login -->
        <test-method status="PASS" signature="tearDown()[pri:0, instance:com.fanniemae.testcases.LoginTestCase@5c3bd550]" name="tearDown" is-config="true" duration-ms="367" started-at="2017-07-20T14:19:39Z" finished-at="2017-07-20T14:19:39Z">
          <reporter-output>
          </reporter-output>
        </test-method> <!-- tearDown -->
      </class> <!-- com.fanniemae.testcases.LoginTestCase -->
    </test> <!-- Default test -->
  </suite> <!-- Default suite -->
</testng-results>
